1: /*
2:  * 2019 Spring Compiler Course Assignment 2 
3:  */
4:
5: float c = 1.5;
6:
7: int foo(int a);
8: float foo();

|-----------------------------------------------|
| Error found in line 8: float foo();
| Redeclared function foo
|-----------------------------------------------|

9:
10: bool loop(int n, int m) {
11:     while (n > m) {
12:         n--;
13:     }
14:     return true;
15: }

Index     Name      Kind        Type      Scope     Attribute 

0         n         parameter   int       1         
1         m         parameter   int       1         

16:
17: int main() {
18:     // Declaration
19:     int x;
20:     int i;
21:     int a = 5;
22:     string y = "She is a girl";
23:
24:     print(y); // print
25:
26:     // if condition
27:     if (a > 10) {
28:         x += a;
29:         print(x);
30:     } else {
31:         x = a % 10 + 10 * 7; /* Arithmetic */
32:         print(x);
33:     }
34:     loop(x, i);
35:     print("Hello World");
36:
37:     return 0; 
38: }

Index     Name      Kind        Type      Scope     Attribute 

0         x         variable    int       1         
1         i         variable    int       1         
2         a         variable    int       1         
3         y         variable    string    1         


Index     Name      Kind        Type      Scope     Attribute 

0         c         variable    float     0         
1         foo       function    int       0         int
2         loop      function    bool      0         int, int
3         main      function    int       0         


Total lines: 38 
